[debug] [2021-06-24T03:10:32.743Z] ----------------------------------------------------------------------
[debug] [2021-06-24T03:10:32.744Z] Command:       C:\Program Files\nodejs\node.exe C:\Users\rui.mimoso\AppData\Roaming\npm\node_modules\firebase-tools\lib\bin\firebase.js init
[debug] [2021-06-24T03:10:32.744Z] CLI Version:   8.10.0
[debug] [2021-06-24T03:10:32.745Z] Platform:      win32
[debug] [2021-06-24T03:10:32.745Z] Node Version:  v12.16.3
[debug] [2021-06-24T03:10:32.745Z] Time:          Thu Jun 24 2021 04:10:32 GMT+0100 (British Summer Time)
[debug] [2021-06-24T03:10:32.745Z] ----------------------------------------------------------------------
[debug] [2021-06-24T03:10:32.745Z] 
[debug] [2021-06-24T03:10:32.750Z] > command requires scopes: ["email","openid","https://www.googleapis.com/auth/cloudplatformprojects.readonly","https://www.googleapis.com/auth/firebase","https://www.googleapis.com/auth/cloud-platform"]
[debug] [2021-06-24T03:10:32.750Z] > authorizing via signed-in user
[info] 
     ######## #### ########  ######## ########     ###     ######  ########
     ##        ##  ##     ## ##       ##     ##  ##   ##  ##       ##
     ######    ##  ########  ######   ########  #########  ######  ######
     ##        ##  ##    ##  ##       ##     ## ##     ##       ## ##
     ##       #### ##     ## ######## ########  ##     ##  ######  ########

You're about to initialize a Firebase project in this directory:

  c:\inetpub\wwwroot\mwc-video-dashboard\src

Before we get started, keep in mind:

  * You are currently outside your home directory

